<?xml version="1.0" encoding="UTF-8"?>
<testsuite name="tourGuide.TestPerformance" tests="1" skipped="0" failures="0" errors="0" timestamp="2023-02-10T13:42:16" hostname="LAPTOP-9U84I0KJ" time="12.368">
  <properties/>
  <testcase name="highVolumeGetRewards" classname="tourGuide.TestPerformance" time="12.368"/>
  <system-out><![CDATA[14:42:16.635 [Test worker] INFO tourGuide.service.TourGuideService - TestMode enabled
14:42:16.640 [Test worker] DEBUG tourGuide.service.TourGuideService - Initializing users
14:42:16.731 [Test worker] DEBUG tourGuide.service.TourGuideService - Created 1000 internal test users.
14:42:16.731 [Test worker] DEBUG tourGuide.service.TourGuideService - Finished initializing users
14:42:16.736 [pool-1-thread-1] DEBUG tourGuide.tracker.Tracker - Begin Tracker. Tracking 1000 users.
14:42:16.777 [pool-1-thread-1] DEBUG tourGuide.tracker.Tracker - Tracker Time Elapsed: 0 seconds.
14:42:16.778 [pool-1-thread-1] DEBUG tourGuide.tracker.Tracker - Tracker sleeping
highVolumeGetRewards: Time Elapsed: 12 seconds.
]]></system-out>
  <system-err><![CDATA[févr. 10, 2023 2:42:16 PM org.javamoney.moneta.DefaultMonetaryContextFactory createMonetaryContextNonNullConfig
INFOS: Using custom MathContext: precision=256, roundingMode=HALF_EVEN
]]></system-err>
</testsuite>
